# JRE version: OpenJDK Runtime Environment (11.0.12+7) (build 11.0.12+7-b1504.28-7817840)
# Java VM: OpenJDK 64-Bit Server VM (11.0.12+7-b1504.28-7817840, mixed mode, tiered, compressed oops, g1 gc, windows-amd64)
Heap:
 garbage-first heap   total 251904K, used 89191K [0x0000000080000000, 0x0000000100000000)
  region size 1024K, 72 young (73728K), 2 survivors (2048K)
 Metaspace       used 34344K, capacity 35134K, committed 35248K, reserved 1079296K
  class space    used 4443K, capacity 4775K, committed 4864K, reserved 1048576K
GC Heap History (6 events):
Event: 0.787 GC heap before
{Heap before GC invocations=0 (full 0):
 garbage-first heap   total 251904K, used 29696K [0x0000000080000000, 0x0000000100000000)
  region size 1024K, 24 young (24576K), 0 survivors (0K)
 Metaspace       used 10189K, capacity 10387K, committed 10624K, reserved 1058816K
  class space    used 1055K, capacity 1106K, committed 1152K, reserved 1048576K
}
Event: 0.793 GC heap after
{Heap after GC invocations=1 (full 0):
 garbage-first heap   total 251904K, used 9502K [0x0000000080000000, 0x0000000100000000)
  region size 1024K, 3 young (3072K), 3 survivors (3072K)
 Metaspace       used 10189K, capacity 10387K, committed 10624K, reserved 1058816K
  class space    used 1055K, capacity 1106K, committed 1152K, reserved 1048576K
}
Event: 3.077 GC heap before
{Heap before GC invocations=1 (full 0):
 garbage-first heap   total 251904K, used 113950K [0x0000000080000000, 0x0000000100000000)
  region size 1024K, 105 young (107520K), 3 survivors (3072K)
 Metaspace       used 20760K, capacity 21229K, committed 21296K, reserved 1069056K
  class space    used 2539K, capacity 2680K, committed 2688K, reserved 1048576K
}
Event: 3.083 GC heap after
{Heap after GC invocations=2 (full 0):
 garbage-first heap   total 251904K, used 17081K [0x0000000080000000, 0x0000000100000000)
  region size 1024K, 11 young (11264K), 11 survivors (11264K)
 Metaspace       used 20760K, capacity 21229K, committed 21296K, reserved 1069056K
  class space    used 2539K, capacity 2680K, committed 2688K, reserved 1048576K
}
Event: 3.403 GC heap before
{Heap before GC invocations=3 (full 0):
 garbage-first heap   total 251904K, used 57017K [0x0000000080000000, 0x0000000100000000)
  region size 1024K, 51 young (52224K), 11 survivors (11264K)
 Metaspace       used 24890K, capacity 25510K, committed 25648K, reserved 1071104K
  class space    used 3172K, capacity 3388K, committed 3456K, reserved 1048576K
}
Event: 3.409 GC heap after
{Heap after GC invocations=4 (full 0):
 garbage-first heap   total 251904K, used 18535K [0x0000000080000000, 0x0000000100000000)
  region size 1024K, 2 young (2048K), 2 survivors (2048K)
 Metaspace       used 24890K, capacity 25510K, committed 25648K, reserved 1071104K
  class space    used 3172K, capacity 3388K, committed 3456K, reserved 1048576K
}

